

Microchip Technology PIC LITE Macro Assembler V1.30 build 55553 
                                                                                               Wed Jun 30 13:06:02 2021

Microchip Technology Omniscient Code Generator (Lite mode) build 55553
     1                           	processor	16F877A
     2                           	opt	pw 120
     3                           	opt	lm
     4                           	psect	text0,local,class=CODE,merge=1,delta=2
     5                           	psect	cinit,global,class=CODE,merge=1,delta=2
     6                           	psect	bssCOMMON,global,class=COMMON,space=1,delta=1
     7                           	psect	cstackCOMMON,global,class=COMMON,space=1,delta=1
     8                           	psect	maintext,global,class=CODE,split=1,delta=2
     9                           	psect	text1,local,class=CODE,merge=1,delta=2
    10                           	psect	intentry,global,class=CODE,delta=2
    11                           	dabs	1,0x7E,2
    12  0000                     	;# 
    13  0001                     	;# 
    14  0002                     	;# 
    15  0003                     	;# 
    16  0004                     	;# 
    17  0005                     	;# 
    18  0006                     	;# 
    19  0007                     	;# 
    20  0008                     	;# 
    21  0009                     	;# 
    22  000A                     	;# 
    23  000B                     	;# 
    24  000C                     	;# 
    25  000D                     	;# 
    26  000E                     	;# 
    27  000E                     	;# 
    28  000F                     	;# 
    29  0010                     	;# 
    30  0011                     	;# 
    31  0012                     	;# 
    32  0013                     	;# 
    33  0014                     	;# 
    34  0015                     	;# 
    35  0015                     	;# 
    36  0016                     	;# 
    37  0017                     	;# 
    38  0018                     	;# 
    39  0019                     	;# 
    40  001A                     	;# 
    41  001B                     	;# 
    42  001B                     	;# 
    43  001C                     	;# 
    44  001D                     	;# 
    45  001E                     	;# 
    46  001F                     	;# 
    47  0081                     	;# 
    48  0085                     	;# 
    49  0086                     	;# 
    50  0087                     	;# 
    51  0088                     	;# 
    52  0089                     	;# 
    53  008C                     	;# 
    54  008D                     	;# 
    55  008E                     	;# 
    56  0091                     	;# 
    57  0092                     	;# 
    58  0093                     	;# 
    59  0094                     	;# 
    60  0098                     	;# 
    61  0099                     	;# 
    62  009C                     	;# 
    63  009D                     	;# 
    64  009E                     	;# 
    65  009F                     	;# 
    66  010C                     	;# 
    67  010D                     	;# 
    68  010E                     	;# 
    69  010F                     	;# 
    70  018C                     	;# 
    71  018D                     	;# 
    72  000B                     _INTCONbits	set	11
    73  0005                     _PORTA	set	5
    74  0005                     _PORTAbits	set	5
    75  0006                     _PORTB	set	6
    76  0006                     _PORTBbits	set	6
    77  0001                     _TMR0	set	1
    78  005A                     _TMR0IF	set	90
    79  0081                     _OPTION_REG	set	129
    80  0085                     _TRISA	set	133
    81  0086                     _TRISB	set	134
    82                           
    83                           	psect	text0
    84  0000                     __ptext0:	
    85                           ; #config settings
    86                           
    87                           
    88                           ;psect for function _int1
    89  0000                     
    90                           	psect	cinit
    91  0015                     start_initialization:	
    92  0015                     __initialization:	
    93                           
    94                           ; Clear objects allocated to COMMON
    95  0015  01F0               	clrf	__pbssCOMMON& (0+127)
    96  0016  01F1               	clrf	(__pbssCOMMON+1)& (0+127)
    97  0017  01F2               	clrf	(__pbssCOMMON+2)& (0+127)
    98  0018  01F3               	clrf	(__pbssCOMMON+3)& (0+127)
    99  0019                     end_of_initialization:	
   100                           ;End of C runtime variable initialization code
   101                           
   102  0019                     __end_of__initialization:	
   103  0019  0183               	clrf	3
   104  001A  120A  118A  285E   	ljmp	_main	;jump to C main() function
   105                           
   106                           	psect	bssCOMMON
   107  0070                     __pbssCOMMON:	
   108  0070                     _cont:	
   109  0070                     	ds	2
   110  0072                     _cont1:	
   111  0072                     	ds	2
   112                           
   113                           	psect	cstackCOMMON
   114  0074                     __pcstackCOMMON:	
   115  0074                     ?_int1:	
   116  0074                     ??_int1:	
   117                           ; 0 bytes @ 0x0
   118                           
   119  0074                     ?_main:	
   120                           ; 0 bytes @ 0x0
   121                           
   122                           
   123                           ; 0 bytes @ 0x0
   124  0074                     	ds	4
   125  0078                     ??_main:	
   126                           
   127                           	psect	maintext
   128  005E                     __pmaintext:	
   129                           ; 0 bytes @ 0x4
   130 ;;
   131 ;;Main: autosize = 0, tempsize = 0, incstack = 0, save=0
   132 ;;
   133 ;; *************** function _main *****************
   134 ;; Defined at:
   135 ;;		line 56 in file "main.c"
   136 ;; Parameters:    Size  Location     Type
   137 ;;		None
   138 ;; Auto vars:     Size  Location     Type
   139 ;;		None
   140 ;; Return value:  Size  Location     Type
   141 ;;		None               void
   142 ;; Registers used:
   143 ;;		wreg, status,2
   144 ;; Tracked objects:
   145 ;;		On entry : 17F/0
   146 ;;		On exit  : 0/0
   147 ;;		Unchanged: 0/0
   148 ;; Data sizes:     COMMON   BANK0   BANK1   BANK3   BANK2
   149 ;;      Params:         0       0       0       0       0
   150 ;;      Locals:         0       0       0       0       0
   151 ;;      Temps:          0       0       0       0       0
   152 ;;      Totals:         0       0       0       0       0
   153 ;;Total ram usage:        0 bytes
   154 ;; Hardware stack levels required when called:    1
   155 ;; This function calls:
   156 ;;		Nothing
   157 ;; This function is called by:
   158 ;;		Startup code after reset
   159 ;; This function uses a non-reentrant model
   160 ;;
   161                           
   162                           
   163                           ;psect for function _main
   164  005E                     _main:	
   165                           
   166                           ;main.c: 57: void osc20();
   167                           ;main.c: 58: void config();
   168                           ;main.c: 59: TRISB = 0b00000000;
   169                           
   170                           ;incstack = 0
   171                           ; Regs used in _main: [wreg+status,2]
   172  005E  1683               	bsf	3,5	;RP0=1, select bank1
   173  005F  1303               	bcf	3,6	;RP1=0, select bank1
   174  0060  0186               	clrf	6	;volatile
   175                           
   176                           ;main.c: 60: TRISA = 0b00000000;
   177  0061  0185               	clrf	5	;volatile
   178                           
   179                           ;main.c: 61: PORTB = 0b00000000;
   180  0062  1283               	bcf	3,5	;RP0=0, select bank0
   181  0063  1303               	bcf	3,6	;RP1=0, select bank0
   182  0064  0186               	clrf	6	;volatile
   183                           
   184                           ;main.c: 62: PORTA = 0b00000000;
   185  0065  0185               	clrf	5	;volatile
   186                           
   187                           ;main.c: 64: OPTION_REG = 0b10000100;;
   188  0066  3084               	movlw	132
   189  0067  1683               	bsf	3,5	;RP0=1, select bank1
   190  0068  1303               	bcf	3,6	;RP1=0, select bank1
   191  0069  0081               	movwf	1	;volatile
   192                           
   193                           ;main.c: 65: INTCONbits.GIE= 0x01;
   194  006A  178B               	bsf	11,7	;volatile
   195                           
   196                           ;main.c: 66: INTCONbits.PEIE = 0x01;
   197  006B  170B               	bsf	11,6	;volatile
   198                           
   199                           ;main.c: 67: INTCONbits.TMR0IE = 0x01;
   200  006C  168B               	bsf	11,5	;volatile
   201                           
   202                           ;main.c: 69: TMR0 = 100;
   203  006D  3064               	movlw	100
   204  006E  1283               	bcf	3,5	;RP0=0, select bank0
   205  006F  1303               	bcf	3,6	;RP1=0, select bank0
   206  0070  0081               	movwf	1	;volatile
   207  0071                     l45:	
   208                           ;main.c: 71: while(1){}
   209                           
   210  0071  2871               	goto	l45
   211  0072                     __end_of_main:	
   212                           
   213                           	psect	text1
   214  001D                     __ptext1:	
   215 ;; *************** function _int1 *****************
   216 ;; Defined at:
   217 ;;		line 32 in file "main.c"
   218 ;; Parameters:    Size  Location     Type
   219 ;;		None
   220 ;; Auto vars:     Size  Location     Type
   221 ;;		None
   222 ;; Return value:  Size  Location     Type
   223 ;;		None               void
   224 ;; Registers used:
   225 ;;		wreg, status,2, status,0
   226 ;; Tracked objects:
   227 ;;		On entry : 0/0
   228 ;;		On exit  : 0/0
   229 ;;		Unchanged: 0/0
   230 ;; Data sizes:     COMMON   BANK0   BANK1   BANK3   BANK2
   231 ;;      Params:         0       0       0       0       0
   232 ;;      Locals:         0       0       0       0       0
   233 ;;      Temps:          4       0       0       0       0
   234 ;;      Totals:         4       0       0       0       0
   235 ;;Total ram usage:        4 bytes
   236 ;; Hardware stack levels used:    1
   237 ;; This function calls:
   238 ;;		Nothing
   239 ;; This function is called by:
   240 ;;		Interrupt level 1
   241 ;; This function uses a non-reentrant model
   242 ;;
   243                           
   244                           
   245                           ;psect for function _int1
   246  001D                     _int1:	
   247                           
   248                           ;main.c: 33: if(TMR0IF == 1){
   249  001D  1D0B               	btfss	11,2	;volatile
   250  001E  2853               	goto	i1l38
   251                           
   252                           ;main.c: 34: cont++;
   253  001F  3001               	movlw	1
   254  0020  07F0               	addwf	_cont,f
   255  0021  1803               	skipnc
   256  0022  0AF1               	incf	_cont+1,f
   257  0023  3000               	movlw	0
   258  0024  07F1               	addwf	_cont+1,f
   259                           
   260                           ;main.c: 35: if(cont ==100){
   261  0025  3064               	movlw	100
   262  0026  0670               	xorwf	_cont,w
   263  0027  0471               	iorwf	_cont+1,w
   264  0028  1D03               	skipz
   265  0029  2832               	goto	i1l511
   266                           
   267                           ;main.c: 36: cont1++;
   268  002A  3001               	movlw	1
   269  002B  07F2               	addwf	_cont1,f
   270  002C  1803               	skipnc
   271  002D  0AF3               	incf	_cont1+1,f
   272  002E  3000               	movlw	0
   273  002F  07F3               	addwf	_cont1+1,f
   274                           
   275                           ;main.c: 37: cont=0;
   276  0030  01F0               	clrf	_cont
   277  0031  01F1               	clrf	_cont+1
   278  0032                     i1l511:	
   279                           
   280                           ;main.c: 38: }
   281                           ;main.c: 39: if(cont1 == 5){
   282  0032  3005               	movlw	5
   283  0033  0672               	xorwf	_cont1,w
   284  0034  0473               	iorwf	_cont1+1,w
   285  0035  1D03               	skipz
   286  0036  2843               	goto	i1l515
   287                           
   288                           ;main.c: 40: PORTBbits.RB7 = ~PORTBbits.RB7;
   289  0037  1003               	clrc
   290  0038  1F86               	btfss	6,7	;volatile
   291  0039  1403               	setc
   292  003A  1C03               	btfss	3,0
   293  003B  2840               	goto	u4_20
   294  003C  1283               	bcf	3,5	;RP0=0, select bank0
   295  003D  1303               	bcf	3,6	;RP1=0, select bank0
   296  003E  1786               	bsf	6,7	;volatile
   297  003F  2843               	goto	i1l515
   298  0040                     u4_20:	
   299  0040  1283               	bcf	3,5	;RP0=0, select bank0
   300  0041  1303               	bcf	3,6	;RP1=0, select bank0
   301  0042  1386               	bcf	6,7	;volatile
   302  0043                     i1l515:	
   303                           
   304                           ;main.c: 41: }
   305                           ;main.c: 42: if(cont1 == 10){
   306  0043  300A               	movlw	10
   307  0044  0672               	xorwf	_cont1,w
   308  0045  0473               	iorwf	_cont1+1,w
   309  0046  1903               	btfsc	3,2
   310                           
   311                           ;main.c: 43: PORTAbits.RA0 = 1;
   312  0047  1405               	bsf	5,0	;volatile
   313                           
   314                           ;main.c: 44: }
   315                           ;main.c: 45: if(cont1 == 20){
   316  0048  3014               	movlw	20
   317  0049  0672               	xorwf	_cont1,w
   318  004A  0473               	iorwf	_cont1+1,w
   319  004B  1D03               	skipz
   320  004C  2850               	goto	i1l525
   321                           
   322                           ;main.c: 46: PORTAbits.RA0 = 0;
   323  004D  1005               	bcf	5,0	;volatile
   324                           
   325                           ;main.c: 47: cont1 = 0;
   326  004E  01F2               	clrf	_cont1
   327  004F  01F3               	clrf	_cont1+1
   328  0050                     i1l525:	
   329                           
   330                           ;main.c: 48: }
   331                           ;main.c: 50: TMR0 = 101;
   332  0050  3065               	movlw	101
   333  0051  0081               	movwf	1	;volatile
   334                           
   335                           ;main.c: 52: TMR0IF =0;
   336  0052  110B               	bcf	11,2	;volatile
   337  0053                     i1l38:	
   338  0053  0877               	movf	??_int1+3,w
   339  0054  00FF               	movwf	127
   340  0055  0876               	movf	??_int1+2,w
   341  0056  008A               	movwf	10
   342  0057  0875               	movf	??_int1+1,w
   343  0058  0084               	movwf	4
   344  0059  0E74               	swapf	??_int1^(0+-128),w
   345  005A  0083               	movwf	3
   346  005B  0EFE               	swapf	126,f
   347  005C  0E7E               	swapf	126,w
   348  005D  0009               	retfie
   349  005E                     __end_of_int1:	
   350  007E                     btemp	set	126	;btemp
   351  007E                     wtemp	set	126
   352  007E                     wtemp0	set	126
   353  0080                     wtemp1	set	128
   354  0082                     wtemp2	set	130
   355  0084                     wtemp3	set	132
   356  0086                     wtemp4	set	134
   357  0088                     wtemp5	set	136
   358  007F                     wtemp6	set	127
   359  007E                     ttemp	set	126
   360  007E                     ttemp0	set	126
   361  0081                     ttemp1	set	129
   362  0084                     ttemp2	set	132
   363  0087                     ttemp3	set	135
   364  007F                     ttemp4	set	127
   365  007E                     ltemp	set	126
   366  007E                     ltemp0	set	126
   367  0082                     ltemp1	set	130
   368  0086                     ltemp2	set	134
   369  0080                     ltemp3	set	128
   370                           
   371                           	psect	intentry
   372  0004                     __pintentry:	
   373                           ;incstack = 0
   374                           ; Regs used in _int1: [wreg+status,2+status,0]
   375                           
   376  0004                     interrupt_function:	
   377  007E                     saved_w	set	btemp
   378  0004  00FE               	movwf	btemp
   379  0005  0E03               	swapf	3,w
   380  0006  00F4               	movwf	??_int1
   381  0007  0804               	movf	4,w
   382  0008  00F5               	movwf	??_int1+1
   383  0009  080A               	movf	10,w
   384  000A  00F6               	movwf	??_int1+2
   385  000B  1283               	bcf	3,5	;RP0=0, select bank0
   386  000C  1303               	bcf	3,6	;RP1=0, select bank0
   387  000D  087F               	movf	btemp+1,w
   388  000E  00F7               	movwf	??_int1+3
   389  000F  120A  118A  281D   	ljmp	_int1


Data Sizes:
    Strings     0
    Constant    0
    Data        0
    BSS         4
    Persistent  0
    Stack       0

Auto Spaces:
    Space          Size  Autos    Used
    COMMON           14      4       8
    BANK0            80      0       0
    BANK1            80      0       0
    BANK3            96      0       0
    BANK2            96      0       0

Pointer List with Targets:

    None.

Critical Paths under _main in COMMON

    None.

Critical Paths under _int1 in COMMON

    None.

Critical Paths under _main in BANK0

    None.

Critical Paths under _int1 in BANK0

    None.

Critical Paths under _main in BANK1

    None.

Critical Paths under _int1 in BANK1

    None.

Critical Paths under _main in BANK3

    None.

Critical Paths under _int1 in BANK3

    None.

Critical Paths under _main in BANK2

    None.

Critical Paths under _int1 in BANK2

    None.

Call Graph Tables:

 ---------------------------------------------------------------------------------
 (Depth) Function   	        Calls       Base Space   Used Autos Params    Refs
 ---------------------------------------------------------------------------------
 (0) _main                                                 0     0      0       0
 ---------------------------------------------------------------------------------
 Estimated maximum stack depth 0
 ---------------------------------------------------------------------------------
 (Depth) Function   	        Calls       Base Space   Used Autos Params    Refs
 ---------------------------------------------------------------------------------
 (1) _int1                                                 4     4      0       0
                                              0 COMMON     4     4      0
 ---------------------------------------------------------------------------------
 Estimated maximum stack depth 1
 ---------------------------------------------------------------------------------

 Call Graph Graphs:

 _main (ROOT)

 _int1 (ROOT)

 Address spaces:
Name               Size   Autos  Total    Cost      Usage
BITCOMMON            E      0       0       0        0.0%
EEDATA             100      0       0       0        0.0%
NULL                 0      0       0       0        0.0%
CODE                 0      0       0       0        0.0%
COMMON               E      4       8       1       57.1%
BITSFR0              0      0       0       1        0.0%
SFR0                 0      0       0       1        0.0%
BITSFR1              0      0       0       2        0.0%
SFR1                 0      0       0       2        0.0%
STACK                0      0       0       2        0.0%
ABS                  0      0       8       3        0.0%
BITBANK0            50      0       0       4        0.0%
BITSFR3              0      0       0       4        0.0%
SFR3                 0      0       0       4        0.0%
BANK0               50      0       0       5        0.0%
BITSFR2              0      0       0       5        0.0%
SFR2                 0      0       0       5        0.0%
BITBANK1            50      0       0       6        0.0%
BANK1               50      0       0       7        0.0%
BITBANK3            60      0       0       8        0.0%
BANK3               60      0       0       9        0.0%
BITBANK2            60      0       0      10        0.0%
BANK2               60      0       0      11        0.0%
DATA                 0      0       8      12        0.0%


Microchip Technology PIC Macro Assembler V1.30 build 55553 
Symbol Table                                                                                   Wed Jun 30 13:06:02 2021

            __CFG_CP$OFF 0000                       l45 0071             __CFG_CPD$OFF 0000  
                    fsr0 0004             __CFG_FOSC$HS 0000             __CFG_LVP$OFF 0000  
                   i1l38 0053                     _TMR0 0001                     u4_20 0040  
           __CFG_WRT$OFF 0000                     _int1 001D                     _cont 0070  
                   _main 005E                     btemp 007E            __CFG_BOREN$ON 0000  
                   ltemp 007E                     start 0012                     ttemp 007E  
                   wtemp 007E                    ?_int1 0074                    ?_main 0074  
          __CFG_WDTE$OFF 0000                    i1l511 0032                    i1l515 0043  
                  i1l525 0050                    _PORTA 0005                    _PORTB 0006  
                  _TRISA 0085                    _TRISB 0086                    _cont1 0072  
                  pclath 000A                    ltemp0 007E                    ltemp1 0082  
                  ltemp2 0086                    ltemp3 0080                    ttemp0 007E  
                  ttemp1 0081                    ttemp2 0084                    ttemp3 0087  
                  ttemp4 007F                    status 0003                    wtemp0 007E  
                  wtemp1 0080                    wtemp2 0082                    wtemp3 0084  
                  wtemp4 0086                    wtemp5 0088                    wtemp6 007F  
        __initialization 0015             __end_of_int1 005E             __end_of_main 0072  
                 ??_int1 0074                   ??_main 0078                   _TMR0IF 005A  
         __CFG_PWRTE$OFF 0000                   saved_w 007E  __end_of__initialization 0019  
         __pcstackCOMMON 0074               __pmaintext 005E               __pintentry 0004  
                __ptext0 0000                  __ptext1 001D     end_of_initialization 0019  
              _PORTAbits 0005                _PORTBbits 0006      start_initialization 0015  
            __pbssCOMMON 0070                ___latbits 0002        interrupt_function 0004  
          __size_of_int1 0041            __size_of_main 0014               _INTCONbits 000B  
               intlevel1 0000               _OPTION_REG 0081  
