

Microchip Technology PIC LITE Macro Assembler V1.30 build 55553 
                                                                                               Tue Jun 29 23:17:10 2021

Microchip Technology Omniscient Code Generator (Lite mode) build 55553
     1                           	processor	16F877A
     2                           	opt	pw 120
     3                           	opt	lm
     4                           	psect	text0,local,class=CODE,merge=1,delta=2
     5                           	psect	cinit,global,class=CODE,merge=1,delta=2
     6                           	psect	bssCOMMON,global,class=COMMON,space=1,delta=1
     7                           	psect	cstackCOMMON,global,class=COMMON,space=1,delta=1
     8                           	psect	maintext,global,class=CODE,split=1,delta=2
     9                           	psect	text1,local,class=CODE,merge=1,delta=2
    10                           	psect	intentry,global,class=CODE,delta=2
    11                           	dabs	1,0x7E,2
    12  0000                     	;# 
    13  0001                     	;# 
    14  0002                     	;# 
    15  0003                     	;# 
    16  0004                     	;# 
    17  0005                     	;# 
    18  0006                     	;# 
    19  0007                     	;# 
    20  0008                     	;# 
    21  0009                     	;# 
    22  000A                     	;# 
    23  000B                     	;# 
    24  000C                     	;# 
    25  000D                     	;# 
    26  000E                     	;# 
    27  000E                     	;# 
    28  000F                     	;# 
    29  0010                     	;# 
    30  0011                     	;# 
    31  0012                     	;# 
    32  0013                     	;# 
    33  0014                     	;# 
    34  0015                     	;# 
    35  0015                     	;# 
    36  0016                     	;# 
    37  0017                     	;# 
    38  0018                     	;# 
    39  0019                     	;# 
    40  001A                     	;# 
    41  001B                     	;# 
    42  001B                     	;# 
    43  001C                     	;# 
    44  001D                     	;# 
    45  001E                     	;# 
    46  001F                     	;# 
    47  0081                     	;# 
    48  0085                     	;# 
    49  0086                     	;# 
    50  0087                     	;# 
    51  0088                     	;# 
    52  0089                     	;# 
    53  008C                     	;# 
    54  008D                     	;# 
    55  008E                     	;# 
    56  0091                     	;# 
    57  0092                     	;# 
    58  0093                     	;# 
    59  0094                     	;# 
    60  0098                     	;# 
    61  0099                     	;# 
    62  009C                     	;# 
    63  009D                     	;# 
    64  009E                     	;# 
    65  009F                     	;# 
    66  010C                     	;# 
    67  010D                     	;# 
    68  010E                     	;# 
    69  010F                     	;# 
    70  018C                     	;# 
    71  018D                     	;# 
    72  000B                     _INTCONbits	set	11
    73  0005                     _PORTA	set	5
    74  0005                     _PORTAbits	set	5
    75  0006                     _PORTB	set	6
    76  0001                     _TMR0	set	1
    77  0081                     _OPTION_REG	set	129
    78  0085                     _TRISA	set	133
    79  0086                     _TRISB	set	134
    80                           
    81                           	psect	text0
    82  0000                     __ptext0:	
    83                           ; #config settings
    84                           
    85                           
    86                           ;psect for function _int1
    87  0000                     
    88                           	psect	cinit
    89  07F8                     start_initialization:	
    90  07F8                     __initialization:	
    91                           
    92                           ; Clear objects allocated to COMMON
    93  07F8  01F1               	clrf	__pbssCOMMON& (0+127)
    94  07F9  01F2               	clrf	(__pbssCOMMON+1)& (0+127)
    95  07FA  01F3               	clrf	(__pbssCOMMON+2)& (0+127)
    96  07FB  01F4               	clrf	(__pbssCOMMON+3)& (0+127)
    97  07FC                     end_of_initialization:	
    98                           ;End of C runtime variable initialization code
    99                           
   100  07FC                     __end_of__initialization:	
   101  07FC  0183               	clrf	3
   102  07FD  120A  118A  2FC4   	ljmp	_main	;jump to C main() function
   103                           
   104                           	psect	bssCOMMON
   105  0071                     __pbssCOMMON:	
   106  0071                     _cont:	
   107  0071                     	ds	2
   108  0073                     _cont1:	
   109  0073                     	ds	2
   110                           
   111                           	psect	cstackCOMMON
   112  0075                     __pcstackCOMMON:	
   113  0075                     ?_int1:	
   114  0075                     ??_int1:	
   115                           ; 0 bytes @ 0x0
   116                           
   117  0075                     ?_main:	
   118                           ; 0 bytes @ 0x0
   119                           
   120                           
   121                           ; 0 bytes @ 0x0
   122  0075                     	ds	4
   123  0079                     ??_main:	
   124                           
   125                           	psect	maintext
   126  07C4                     __pmaintext:	
   127                           ; 0 bytes @ 0x4
   128 ;;
   129 ;;Main: autosize = 0, tempsize = 0, incstack = 0, save=0
   130 ;;
   131 ;; *************** function _main *****************
   132 ;; Defined at:
   133 ;;		line 46 in file "main.c"
   134 ;; Parameters:    Size  Location     Type
   135 ;;		None
   136 ;; Auto vars:     Size  Location     Type
   137 ;;		None
   138 ;; Return value:  Size  Location     Type
   139 ;;		None               void
   140 ;; Registers used:
   141 ;;		wreg, status,2
   142 ;; Tracked objects:
   143 ;;		On entry : 17F/0
   144 ;;		On exit  : 0/0
   145 ;;		Unchanged: 0/0
   146 ;; Data sizes:     COMMON   BANK0   BANK1   BANK3   BANK2
   147 ;;      Params:         0       0       0       0       0
   148 ;;      Locals:         0       0       0       0       0
   149 ;;      Temps:          0       0       0       0       0
   150 ;;      Totals:         0       0       0       0       0
   151 ;;Total ram usage:        0 bytes
   152 ;; Hardware stack levels required when called:    1
   153 ;; This function calls:
   154 ;;		Nothing
   155 ;; This function is called by:
   156 ;;		Startup code after reset
   157 ;; This function uses a non-reentrant model
   158 ;;
   159                           
   160                           
   161                           ;psect for function _main
   162  07C4                     _main:	
   163                           
   164                           ;main.c: 47: void osc20();
   165                           ;main.c: 48: void config();
   166                           ;main.c: 49: TRISB = 0b00000000;
   167                           
   168                           ;incstack = 0
   169                           ; Regs used in _main: [wreg+status,2]
   170  07C4  1683               	bsf	3,5	;RP0=1, select bank1
   171  07C5  1303               	bcf	3,6	;RP1=0, select bank1
   172  07C6  0186               	clrf	6	;volatile
   173                           
   174                           ;main.c: 50: TRISA = 0b00000000;
   175  07C7  0185               	clrf	5	;volatile
   176                           
   177                           ;main.c: 51: PORTB = 0b00000000;
   178  07C8  1283               	bcf	3,5	;RP0=0, select bank0
   179  07C9  1303               	bcf	3,6	;RP1=0, select bank0
   180  07CA  0186               	clrf	6	;volatile
   181                           
   182                           ;main.c: 52: PORTA = 0b00000000;
   183  07CB  0185               	clrf	5	;volatile
   184                           
   185                           ;main.c: 54: OPTION_REG = 0x81;;
   186  07CC  3081               	movlw	129
   187  07CD  1683               	bsf	3,5	;RP0=1, select bank1
   188  07CE  1303               	bcf	3,6	;RP1=0, select bank1
   189  07CF  0081               	movwf	1	;volatile
   190                           
   191                           ;main.c: 55: INTCONbits.GIE= 0x01;
   192  07D0  178B               	bsf	11,7	;volatile
   193                           
   194                           ;main.c: 56: INTCONbits.PEIE = 0x01;
   195  07D1  170B               	bsf	11,6	;volatile
   196                           
   197                           ;main.c: 57: INTCONbits.TMR0IE = 0x01;
   198  07D2  168B               	bsf	11,5	;volatile
   199                           
   200                           ;main.c: 59: TMR0 = 0x00;
   201  07D3  1283               	bcf	3,5	;RP0=0, select bank0
   202  07D4  1303               	bcf	3,6	;RP1=0, select bank0
   203  07D5  0181               	clrf	1	;volatile
   204  07D6                     l39:	
   205                           ;main.c: 62: while(1){
   206                           
   207  07D6  2FD6               	goto	l39
   208  07D7                     __end_of_main:	
   209                           
   210                           	psect	text1
   211  07D7                     __ptext1:	
   212 ;; *************** function _int1 *****************
   213 ;; Defined at:
   214 ;;		line 32 in file "main.c"
   215 ;; Parameters:    Size  Location     Type
   216 ;;		None
   217 ;; Auto vars:     Size  Location     Type
   218 ;;		None
   219 ;; Return value:  Size  Location     Type
   220 ;;		None               void
   221 ;; Registers used:
   222 ;;		wreg, status,2
   223 ;; Tracked objects:
   224 ;;		On entry : 0/0
   225 ;;		On exit  : 0/0
   226 ;;		Unchanged: 0/0
   227 ;; Data sizes:     COMMON   BANK0   BANK1   BANK3   BANK2
   228 ;;      Params:         0       0       0       0       0
   229 ;;      Locals:         0       0       0       0       0
   230 ;;      Temps:          4       0       0       0       0
   231 ;;      Totals:         4       0       0       0       0
   232 ;;Total ram usage:        4 bytes
   233 ;; Hardware stack levels used:    1
   234 ;; This function calls:
   235 ;;		Nothing
   236 ;; This function is called by:
   237 ;;		Interrupt level 1
   238 ;; This function uses a non-reentrant model
   239 ;;
   240                           
   241                           
   242                           ;psect for function _int1
   243  07D7                     _int1:	
   244                           
   245                           ;main.c: 33: if(INTCONbits.TMR0IF == 1){
   246  07D7  1D0B               	btfss	11,2	;volatile
   247  07D8  2FED               	goto	i1l32
   248                           
   249                           ;main.c: 34: cont++;
   250  07D9  3001               	movlw	1
   251  07DA  07F1               	addwf	_cont,f
   252  07DB  1803               	skipnc
   253  07DC  0AF2               	incf	_cont+1,f
   254  07DD  3000               	movlw	0
   255  07DE  07F2               	addwf	_cont+1,f
   256                           
   257                           ;main.c: 35: if(cont ==100){
   258  07DF  3064               	movlw	100
   259  07E0  0671               	xorwf	_cont,w
   260  07E1  0472               	iorwf	_cont+1,w
   261  07E2  1903               	btfsc	3,2
   262                           
   263                           ;main.c: 36: PORTAbits.RA0 = 1;}
   264  07E3  1405               	bsf	5,0	;volatile
   265                           
   266                           ;main.c: 37: if(cont==200){
   267  07E4  30C8               	movlw	200
   268  07E5  0671               	xorwf	_cont,w
   269  07E6  0472               	iorwf	_cont+1,w
   270  07E7  1D03               	skipz
   271  07E8  2FEC               	goto	i1l505
   272                           
   273                           ;main.c: 38: PORTAbits.RA0 = 0;
   274  07E9  1005               	bcf	5,0	;volatile
   275                           
   276                           ;main.c: 39: cont=0;
   277  07EA  01F1               	clrf	_cont
   278  07EB  01F2               	clrf	_cont+1
   279  07EC                     i1l505:	
   280                           
   281                           ;main.c: 40: }
   282                           ;main.c: 42: INTCONbits.TMR0IF =0;
   283  07EC  110B               	bcf	11,2	;volatile
   284  07ED                     i1l32:	
   285  07ED  0878               	movf	??_int1+3,w
   286  07EE  00FF               	movwf	127
   287  07EF  0877               	movf	??_int1+2,w
   288  07F0  008A               	movwf	10
   289  07F1  0876               	movf	??_int1+1,w
   290  07F2  0084               	movwf	4
   291  07F3  0E75               	swapf	??_int1^(0+-128),w
   292  07F4  0083               	movwf	3
   293  07F5  0EFE               	swapf	126,f
   294  07F6  0E7E               	swapf	126,w
   295  07F7  0009               	retfie
   296  07F8                     __end_of_int1:	
   297  007E                     btemp	set	126	;btemp
   298  007E                     wtemp	set	126
   299  007E                     wtemp0	set	126
   300  0080                     wtemp1	set	128
   301  0082                     wtemp2	set	130
   302  0084                     wtemp3	set	132
   303  0086                     wtemp4	set	134
   304  0088                     wtemp5	set	136
   305  007F                     wtemp6	set	127
   306  007E                     ttemp	set	126
   307  007E                     ttemp0	set	126
   308  0081                     ttemp1	set	129
   309  0084                     ttemp2	set	132
   310  0087                     ttemp3	set	135
   311  007F                     ttemp4	set	127
   312  007E                     ltemp	set	126
   313  007E                     ltemp0	set	126
   314  0082                     ltemp1	set	130
   315  0086                     ltemp2	set	134
   316  0080                     ltemp3	set	128
   317                           
   318                           	psect	intentry
   319  0004                     __pintentry:	
   320                           ;incstack = 0
   321                           ; Regs used in _int1: [wreg+status,2]
   322                           
   323  0004                     interrupt_function:	
   324  007E                     saved_w	set	btemp
   325  0004  00FE               	movwf	btemp
   326  0005  0E03               	swapf	3,w
   327  0006  00F5               	movwf	??_int1
   328  0007  0804               	movf	4,w
   329  0008  00F6               	movwf	??_int1+1
   330  0009  080A               	movf	10,w
   331  000A  00F7               	movwf	??_int1+2
   332  000B  1283               	bcf	3,5	;RP0=0, select bank0
   333  000C  1303               	bcf	3,6	;RP1=0, select bank0
   334  000D  087F               	movf	btemp+1,w
   335  000E  00F8               	movwf	??_int1+3
   336  000F  120A  118A  2FD7   	ljmp	_int1


Data Sizes:
    Strings     0
    Constant    0
    Data        0
    BSS         4
    Persistent  0
    Stack       0

Auto Spaces:
    Space          Size  Autos    Used
    COMMON           13      4       8
    BANK0            80      0       0
    BANK1            80      0       0
    BANK3            85      0       0
    BANK2            96      0       0

Pointer List with Targets:

    None.

Critical Paths under _main in COMMON

    None.

Critical Paths under _int1 in COMMON

    None.

Critical Paths under _main in BANK0

    None.

Critical Paths under _int1 in BANK0

    None.

Critical Paths under _main in BANK1

    None.

Critical Paths under _int1 in BANK1

    None.

Critical Paths under _main in BANK3

    None.

Critical Paths under _int1 in BANK3

    None.

Critical Paths under _main in BANK2

    None.

Critical Paths under _int1 in BANK2

    None.

Call Graph Tables:

 ---------------------------------------------------------------------------------
 (Depth) Function   	        Calls       Base Space   Used Autos Params    Refs
 ---------------------------------------------------------------------------------
 (0) _main                                                 0     0      0       0
 ---------------------------------------------------------------------------------
 Estimated maximum stack depth 0
 ---------------------------------------------------------------------------------
 (Depth) Function   	        Calls       Base Space   Used Autos Params    Refs
 ---------------------------------------------------------------------------------
 (1) _int1                                                 4     4      0       0
                                              0 COMMON     4     4      0
 ---------------------------------------------------------------------------------
 Estimated maximum stack depth 1
 ---------------------------------------------------------------------------------

 Call Graph Graphs:

 _main (ROOT)

 _int1 (ROOT)

 Address spaces:
Name               Size   Autos  Total    Cost      Usage
BITCOMMON            D      0       0       0        0.0%
EEDATA             100      0       0       0        0.0%
NULL                 0      0       0       0        0.0%
CODE                 0      0       0       0        0.0%
COMMON               D      4       8       1       61.5%
BITSFR0              0      0       0       1        0.0%
SFR0                 0      0       0       1        0.0%
BITSFR1              0      0       0       2        0.0%
SFR1                 0      0       0       2        0.0%
STACK                0      0       0       2        0.0%
ABS                  0      0       8       3        0.0%
BITBANK0            50      0       0       4        0.0%
BITSFR3              0      0       0       4        0.0%
SFR3                 0      0       0       4        0.0%
BANK0               50      0       0       5        0.0%
BITSFR2              0      0       0       5        0.0%
SFR2                 0      0       0       5        0.0%
BITBANK1            50      0       0       6        0.0%
BANK1               50      0       0       7        0.0%
BITBANK3            55      0       0       8        0.0%
BANK3               55      0       0       9        0.0%
BITBANK2            60      0       0      10        0.0%
BANK2               60      0       0      11        0.0%
DATA                 0      0       8      12        0.0%


Microchip Technology PIC Macro Assembler V1.30 build 55553 
Symbol Table                                                                                   Tue Jun 29 23:17:10 2021

            __CFG_CP$OFF 0000                       l39 07D6             __CFG_CPD$OFF 0000  
                    fsr0 0004             __CFG_FOSC$HS 0000             __CFG_LVP$OFF 0000  
           __CFG_WDTE$ON 0000                     i1l32 07ED                     _TMR0 0001  
           __CFG_WRT$OFF 0000                     _int1 07D7                     _cont 0071  
                   _main 07C4                     btemp 007E            __CFG_BOREN$ON 0000  
                   ltemp 007E                     start 0012                     ttemp 007E  
                   wtemp 007E                    ?_int1 0075                    ?_main 0075  
                  i1l505 07EC                    _PORTA 0005                    _PORTB 0006  
                  _TRISA 0085                    _TRISB 0086                    _cont1 0073  
                  pclath 000A                    ltemp0 007E                    ltemp1 0082  
                  ltemp2 0086                    ltemp3 0080                    ttemp0 007E  
                  ttemp1 0081                    ttemp2 0084                    ttemp3 0087  
                  ttemp4 007F                    status 0003                    wtemp0 007E  
                  wtemp1 0080                    wtemp2 0082                    wtemp3 0084  
                  wtemp4 0086                    wtemp5 0088                    wtemp6 007F  
        __initialization 07F8             __end_of_int1 07F8             __end_of_main 07D7  
                 ??_int1 0075                   ??_main 0079           __CFG_PWRTE$OFF 0000  
                 saved_w 007E  __end_of__initialization 07FC           __pcstackCOMMON 0075  
             __pmaintext 07C4               __pintentry 0004                  __ptext0 0000  
                __ptext1 07D7     end_of_initialization 07FC                _PORTAbits 0005  
    start_initialization 07F8              __pbssCOMMON 0071                ___latbits 0002  
      interrupt_function 0004            __size_of_int1 0021            __size_of_main 0013  
             _INTCONbits 000B                 intlevel1 0000               _OPTION_REG 0081  
